#
# There is insufficient memory for the Java Runtime Environment to continue.
# Native memory allocation (malloc) failed to allocate 1113616 bytes. Error detail: Chunk::new
# Possible reasons:
#   The system is out of physical RAM or swap space
#   This process is running with CompressedOops enabled, and the Java Heap may be blocking the growth of the native heap
# Possible solutions:
#   Reduce memory load on the system
#   Increase physical memory or swap space
#   Check if swap backing store is full
#   Decrease Java heap size (-Xmx/-Xms)
#   Decrease number of Java threads
#   Decrease Java thread stack sizes (-Xss)
#   Set larger code cache with -XX:ReservedCodeCacheSize=
#   JVM is running with Unscaled Compressed Oops mode in which the Java heap is
#     placed in the first 4GB address space. The Java Heap base address is the
#     maximum limit for the native heap growth. Please use -XX:HeapBaseMinAddress
#     to set the Java Heap base and to place the Java Heap above 4GB virtual address.
# This output file may be truncated or incomplete.
#
#  Out of Memory Error (arena.cpp:168), pid=31820, tid=31140
#
# JRE version: OpenJDK Runtime Environment Temurin-21.0.7+6 (21.0.7+6) (build 21.0.7+6-LTS)
# Java VM: OpenJDK 64-Bit Server VM Temurin-21.0.7+6 (21.0.7+6-LTS, mixed mode, sharing, tiered, compressed oops, compressed class ptrs, parallel gc, windows-amd64)
# No core dump will be written. Minidumps are not enabled by default on client versions of Windows
#

---------------  S U M M A R Y ------------

Command Line: --add-modules=ALL-SYSTEM --add-opens=java.base/java.util=ALL-UNNAMED --add-opens=java.base/java.lang=ALL-UNNAMED --add-opens=java.base/sun.nio.fs=ALL-UNNAMED -Declipse.application=org.eclipse.jdt.ls.core.id1 -Dosgi.bundles.defaultStartLevel=4 -Declipse.product=org.eclipse.jdt.ls.core.product -Djava.import.generatesMetadataFilesAtProjectRoot=false -DDetectVMInstallationsJob.disabled=true -Dfile.encoding=utf8 -XX:+UseParallelGC -XX:GCTimeRatio=4 -XX:AdaptiveSizePolicyWeight=90 -Dsun.zip.disableMemoryMapping=true -Xmx1G -Xms100m -Xlog:disable -javaagent:c:\Users\dasun\.vscode\extensions\redhat.java-1.42.0-win32-x64\lombok\lombok-1.18.36.jar -XX:+HeapDumpOnOutOfMemoryError -XX:HeapDumpPath=c:\Users\dasun\AppData\Roaming\Code\User\workspaceStorage\e360ecca818957bfb40deae656f1626c\redhat.java -Daether.dependencyCollector.impl=bf c:\Users\dasun\.vscode\extensions\redhat.java-1.42.0-win32-x64\server\plugins\org.eclipse.equinox.launcher_1.7.0.v20250424-1814.jar -configuration c:\Users\dasun\AppData\Roaming\Code\User\globalStorage\redhat.java\1.42.0\config_win -data c:\Users\dasun\AppData\Roaming\Code\User\workspaceStorage\e360ecca818957bfb40deae656f1626c\redhat.java\jdt_ws --pipe=\\.\pipe\lsp-98429ca8f5edf29fb2d2edb278f3c68c-sock

Host: AMD Ryzen 7 7735HS with Radeon Graphics        , 16 cores, 15G,  Windows 11 , 64 bit Build 26100 (10.0.26100.4202)
Time: Sun Jun 15 23:34:15 2025 Sri Lanka Standard Time elapsed time: 16.441770 seconds (0d 0h 0m 16s)

---------------  T H R E A D  ---------------

Current thread (0x000002517f53dbe0):  JavaThread "C2 CompilerThread1" daemon [_thread_in_native, id=31140, stack(0x000000ec23d00000,0x000000ec23e00000) (1024K)]


Current CompileTask:
C2:16441 11026   !   4       java.io.ObjectOutputStream::writeObject0 (620 bytes)

Stack: [0x000000ec23d00000,0x000000ec23e00000]
Native frames: (J=compiled Java code, j=interpreted, Vv=VM code, C=native code)
V  [jvm.dll+0x6ce119]
V  [jvm.dll+0x8a84a1]
V  [jvm.dll+0x8aa9ce]
V  [jvm.dll+0x8ab0b3]
V  [jvm.dll+0x27f8a6]
V  [jvm.dll+0xc507d]
V  [jvm.dll+0xc55b3]
V  [jvm.dll+0x3b68f2]
V  [jvm.dll+0x1dfe33]
V  [jvm.dll+0x247c42]
V  [jvm.dll+0x2470cf]
V  [jvm.dll+0x1c760e]
V  [jvm.dll+0x25695a]
V  [jvm.dll+0x254efa]
V  [jvm.dll+0x3f03f6]
V  [jvm.dll+0x851f6b]
V  [jvm.dll+0x6cc7dd]
C  [ucrtbase.dll+0x37b0]
C  [KERNEL32.DLL+0x2e8d7]
C  [ntdll.dll+0x3c34c]


---------------  P R O C E S S  ---------------

Threads class SMR info:
_java_thread_list=0x0000025157a6e4d0, length=54, elements={
0x0000025174baaa60, 0x0000025179f9c870, 0x000002517b694ab0, 0x000002517b698970,
0x000002517b699660, 0x000002517b69ba70, 0x000002517b6b15f0, 0x000002517b6b7090,
0x000002517b6ba730, 0x000002517b6b2310, 0x000002517b6b29a0, 0x000002517b6b1c80,
0x000002517b6b3030, 0x000002517b6b36c0, 0x000002517b6b3d50, 0x000002517b6b43e0,
0x000002517b6b4a70, 0x000002517df76560, 0x000002517df77fa0, 0x000002517df75ed0,
0x000002517df77280, 0x000002517df76bf0, 0x000002517df78630, 0x000002517df78cc0,
0x000002517df75840, 0x000002517df79350, 0x000002517df7ce60, 0x000002517df799e0,
0x000002517df7ad90, 0x000002517df7c7d0, 0x000002517df7c140, 0x000002517df7bab0,
0x000002517df7a070, 0x000002517df7a700, 0x000002517df7b420, 0x00000251541cc0a0,
0x00000251541ca660, 0x00000251541cdae0, 0x00000251541cacf0, 0x00000251541cb380,
0x00000251541cba10, 0x00000251541ccdc0, 0x00000251541cd450, 0x0000025155355020,
0x0000025155351ba0, 0x00000251553535e0, 0x0000025155353c70, 0x000002517f53dbe0,
0x000002517f53e2b0, 0x000002517f53e980, 0x000002517f53f050, 0x00000251592969c0,
0x0000025159298500, 0x0000025159298bd0
}

Java Threads: ( => current thread )
  0x0000025174baaa60 JavaThread "main"                              [_thread_blocked, id=9516, stack(0x000000ec22f00000,0x000000ec23000000) (1024K)]
  0x0000025179f9c870 JavaThread "Reference Handler"          daemon [_thread_blocked, id=26024, stack(0x000000ec23300000,0x000000ec23400000) (1024K)]
  0x000002517b694ab0 JavaThread "Finalizer"                  daemon [_thread_blocked, id=2848, stack(0x000000ec23400000,0x000000ec23500000) (1024K)]
  0x000002517b698970 JavaThread "Signal Dispatcher"          daemon [_thread_blocked, id=34412, stack(0x000000ec23500000,0x000000ec23600000) (1024K)]
  0x000002517b699660 JavaThread "Attach Listener"            daemon [_thread_blocked, id=30216, stack(0x000000ec23600000,0x000000ec23700000) (1024K)]
  0x000002517b69ba70 JavaThread "Service Thread"             daemon [_thread_blocked, id=33152, stack(0x000000ec23700000,0x000000ec23800000) (1024K)]
  0x000002517b6b15f0 JavaThread "Monitor Deflation Thread"   daemon [_thread_blocked, id=32276, stack(0x000000ec23800000,0x000000ec23900000) (1024K)]
  0x000002517b6b7090 JavaThread "C2 CompilerThread0"         daemon [_thread_blocked, id=35908, stack(0x000000ec23900000,0x000000ec23a00000) (1024K)]
  0x000002517b6ba730 JavaThread "C1 CompilerThread0"         daemon [_thread_blocked, id=33928, stack(0x000000ec23a00000,0x000000ec23b00000) (1024K)]
  0x000002517b6b2310 JavaThread "Common-Cleaner"             daemon [_thread_blocked, id=28464, stack(0x000000ec23b00000,0x000000ec23c00000) (1024K)]
  0x000002517b6b29a0 JavaThread "Notification Thread"        daemon [_thread_blocked, id=26124, stack(0x000000ec24000000,0x000000ec24100000) (1024K)]
  0x000002517b6b1c80 JavaThread "Active Thread: Equinox Container: 983a90aa-0cd7-4564-aec6-71c2cddf2eeb"        [_thread_blocked, id=27144, stack(0x000000ec24a00000,0x000000ec24b00000) (1024K)]
  0x000002517b6b3030 JavaThread "Refresh Thread: Equinox Container: 983a90aa-0cd7-4564-aec6-71c2cddf2eeb" daemon [_thread_blocked, id=36636, stack(0x000000ec24c00000,0x000000ec24d00000) (1024K)]
  0x000002517b6b36c0 JavaThread "Framework Event Dispatcher: Equinox Container: 983a90aa-0cd7-4564-aec6-71c2cddf2eeb" daemon [_thread_blocked, id=8828, stack(0x000000ec24d00000,0x000000ec24e00000) (1024K)]
  0x000002517b6b3d50 JavaThread "Start Level: Equinox Container: 983a90aa-0cd7-4564-aec6-71c2cddf2eeb" daemon [_thread_blocked, id=27784, stack(0x000000ec24e00000,0x000000ec24f00000) (1024K)]
  0x000002517b6b43e0 JavaThread "Bundle File Closer"         daemon [_thread_blocked, id=2072, stack(0x000000ec25200000,0x000000ec25300000) (1024K)]
  0x000002517b6b4a70 JavaThread "SCR Component Actor"        daemon [_thread_blocked, id=13844, stack(0x000000ec24900000,0x000000ec24a00000) (1024K)]
  0x000002517df76560 JavaThread "Worker-JM"                         [_thread_blocked, id=34664, stack(0x000000ec25500000,0x000000ec25600000) (1024K)]
  0x000002517df77fa0 JavaThread "Worker-0: Initialize workspace"        [_thread_blocked, id=34320, stack(0x000000ec25700000,0x000000ec25800000) (1024K)]
  0x000002517df75ed0 JavaThread "Worker-1: Java indexing... "        [_thread_blocked, id=4616, stack(0x000000ec25800000,0x000000ec25900000) (1024K)]
  0x000002517df77280 JavaThread "Java indexing"              daemon [_thread_blocked, id=33400, stack(0x000000ec24800000,0x000000ec24900000) (1024K)]
  0x000002517df76bf0 JavaThread "JNA Cleaner"                daemon [_thread_blocked, id=24240, stack(0x000000ec25900000,0x000000ec25a00000) (1024K)]
  0x000002517df78630 JavaThread "Worker-2: Building"                [_thread_blocked, id=36644, stack(0x000000ec25c00000,0x000000ec25d00000) (1024K)]
  0x000002517df78cc0 JavaThread "Worker-3"                          [_thread_blocked, id=36596, stack(0x000000ec25d00000,0x000000ec25e00000) (1024K)]
  0x000002517df75840 JavaThread "Thread-2"                   daemon [_thread_in_native, id=36028, stack(0x000000ec25e00000,0x000000ec25f00000) (1024K)]
  0x000002517df79350 JavaThread "Thread-3"                   daemon [_thread_in_native, id=14600, stack(0x000000ec25f00000,0x000000ec26000000) (1024K)]
  0x000002517df7ce60 JavaThread "Thread-4"                   daemon [_thread_in_native, id=32772, stack(0x000000ec26000000,0x000000ec26100000) (1024K)]
  0x000002517df799e0 JavaThread "Thread-5"                   daemon [_thread_in_native, id=29628, stack(0x000000ec26100000,0x000000ec26200000) (1024K)]
  0x000002517df7ad90 JavaThread "Thread-6"                   daemon [_thread_in_native, id=1124, stack(0x000000ec26200000,0x000000ec26300000) (1024K)]
  0x000002517df7c7d0 JavaThread "Thread-7"                   daemon [_thread_in_native, id=20680, stack(0x000000ec26300000,0x000000ec26400000) (1024K)]
  0x000002517df7c140 JavaThread "Thread-8"                   daemon [_thread_in_native, id=28328, stack(0x000000ec26400000,0x000000ec26500000) (1024K)]
  0x000002517df7bab0 JavaThread "Thread-9"                   daemon [_thread_in_native, id=28776, stack(0x000000ec26500000,0x000000ec26600000) (1024K)]
  0x000002517df7a070 JavaThread "Thread-10"                  daemon [_thread_in_native, id=13304, stack(0x000000ec26600000,0x000000ec26700000) (1024K)]
  0x000002517df7a700 JavaThread "Thread-11"                  daemon [_thread_in_native, id=35328, stack(0x000000ec26700000,0x000000ec26800000) (1024K)]
  0x000002517df7b420 JavaThread "Thread-12"                  daemon [_thread_in_native, id=23716, stack(0x000000ec26800000,0x000000ec26900000) (1024K)]
  0x00000251541cc0a0 JavaThread "Thread-13"                  daemon [_thread_in_native, id=23612, stack(0x000000ec26900000,0x000000ec26a00000) (1024K)]
  0x00000251541ca660 JavaThread "Thread-14"                  daemon [_thread_in_native, id=26980, stack(0x000000ec26a00000,0x000000ec26b00000) (1024K)]
  0x00000251541cdae0 JavaThread "Thread-15"                  daemon [_thread_in_native, id=28196, stack(0x000000ec26b00000,0x000000ec26c00000) (1024K)]
  0x00000251541cacf0 JavaThread "Thread-16"                  daemon [_thread_in_native, id=26412, stack(0x000000ec26c00000,0x000000ec26d00000) (1024K)]
  0x00000251541cb380 JavaThread "Thread-17"                  daemon [_thread_in_native, id=9524, stack(0x000000ec26d00000,0x000000ec26e00000) (1024K)]
  0x00000251541cba10 JavaThread "Thread-18"                  daemon [_thread_in_native, id=17856, stack(0x000000ec26e00000,0x000000ec26f00000) (1024K)]
  0x00000251541ccdc0 JavaThread "pool-2-thread-1"                   [_thread_blocked, id=26368, stack(0x000000ec26f00000,0x000000ec27000000) (1024K)]
  0x00000251541cd450 JavaThread "Worker-4: Initialize Workspace"        [_thread_blocked, id=31164, stack(0x000000ec27000000,0x000000ec27100000) (1024K)]
  0x0000025155355020 JavaThread "WorkspaceEventsHandler"            [_thread_blocked, id=5908, stack(0x000000ec27100000,0x000000ec27200000) (1024K)]
  0x0000025155351ba0 JavaThread "pool-1-thread-1"                   [_thread_blocked, id=32500, stack(0x000000ec27200000,0x000000ec27300000) (1024K)]
  0x00000251553535e0 JavaThread "Worker-5: Refreshing workspace"        [_thread_blocked, id=6208, stack(0x000000ec27300000,0x000000ec27400000) (1024K)]
  0x0000025155353c70 JavaThread "Keep-Alive-Timer"           daemon [_thread_blocked, id=14244, stack(0x000000ec27900000,0x000000ec27a00000) (1024K)]
=>0x000002517f53dbe0 JavaThread "C2 CompilerThread1"         daemon [_thread_in_native, id=31140, stack(0x000000ec23d00000,0x000000ec23e00000) (1024K)]
  0x000002517f53e2b0 JavaThread "C1 CompilerThread1"         daemon [_thread_blocked, id=31556, stack(0x000000ec23c00000,0x000000ec23d00000) (1024K)]
  0x000002517f53e980 JavaThread "C2 CompilerThread2"         daemon [_thread_blocked, id=10768, stack(0x000000ec23e00000,0x000000ec23f00000) (1024K)]
  0x000002517f53f050 JavaThread "C2 CompilerThread3"         daemon [_thread_blocked, id=3120, stack(0x000000ec23f00000,0x000000ec24000000) (1024K)]
  0x00000251592969c0 JavaThread "C2 CompilerThread4"         daemon [_thread_blocked, id=34980, stack(0x000000ec24100000,0x000000ec24200000) (1024K)]
  0x0000025159298500 JavaThread "C2 CompilerThread5"         daemon [_thread_blocked, id=32332, stack(0x000000ec25300000,0x000000ec25400000) (1024K)]
  0x0000025159298bd0 JavaThread "C1 CompilerThread2"         daemon [_thread_blocked, id=17672, stack(0x000000ec27500000,0x000000ec27600000) (1024K)]
Total: 54

Other Threads:
  0x0000025174c6ebf0 VMThread "VM Thread"                           [id=27184, stack(0x000000ec23200000,0x000000ec23300000) (1024K)]
  0x0000025179e7ca00 WatcherThread "VM Periodic Task Thread"        [id=11544, stack(0x000000ec23100000,0x000000ec23200000) (1024K)]
  0x0000025174bc8720 WorkerThread "GC Thread#0"                     [id=32660, stack(0x000000ec23000000,0x000000ec23100000) (1024K)]
  0x000002517d6fc2a0 WorkerThread "GC Thread#1"                     [id=15908, stack(0x000000ec24200000,0x000000ec24300000) (1024K)]
  0x000002517d6fc640 WorkerThread "GC Thread#2"                     [id=34116, stack(0x000000ec24300000,0x000000ec24400000) (1024K)]
  0x000002517d704a40 WorkerThread "GC Thread#3"                     [id=32356, stack(0x000000ec24400000,0x000000ec24500000) (1024K)]
  0x000002517d704de0 WorkerThread "GC Thread#4"                     [id=33392, stack(0x000000ec24500000,0x000000ec24600000) (1024K)]
  0x000002517d705180 WorkerThread "GC Thread#5"                     [id=8336, stack(0x000000ec24600000,0x000000ec24700000) (1024K)]
  0x000002517d62c5f0 WorkerThread "GC Thread#6"                     [id=18064, stack(0x000000ec24700000,0x000000ec24800000) (1024K)]
  0x000002517d720560 WorkerThread "GC Thread#7"                     [id=4520, stack(0x000000ec24b00000,0x000000ec24c00000) (1024K)]
  0x000002517d4c79f0 WorkerThread "GC Thread#8"                     [id=34668, stack(0x000000ec24f00000,0x000000ec25000000) (1024K)]
  0x000002517d1254d0 WorkerThread "GC Thread#9"                     [id=29796, stack(0x000000ec25000000,0x000000ec25100000) (1024K)]
  0x000002517de0de70 WorkerThread "GC Thread#10"                    [id=5356, stack(0x000000ec25100000,0x000000ec25200000) (1024K)]
  0x000002517de0e5b0 WorkerThread "GC Thread#11"                    [id=17176, stack(0x000000ec25400000,0x000000ec25500000) (1024K)]
  0x000002517de0ecf0 WorkerThread "GC Thread#12"                    [id=26380, stack(0x000000ec25600000,0x000000ec25700000) (1024K)]
Total: 15

Threads with active compile tasks:
C2 CompilerThread0  16466 11269       4       org.eclipse.jdt.internal.compiler.util.CharDeduplication::sharedCopyOfRange (190 bytes)
C1 CompilerThread0  16466 11334 %     3       jdk.nio.zipfs.ZipFileSystem$IndexNode::normalize @ 14 (79 bytes)
C2 CompilerThread1  16466 11026   !   4       java.io.ObjectOutputStream::writeObject0 (620 bytes)
C1 CompilerThread1  16466 11327       3       org.eclipse.jdt.internal.core.search.indexing.BinaryIndexer::decodeReturnType (407 bytes)
C2 CompilerThread2  16466 11261       4       org.eclipse.jdt.core.compiler.CharOperation::splitOn (150 bytes)
C2 CompilerThread3  16466 11225       4       org.eclipse.jdt.internal.core.index.MemoryIndex::addIndexEntry (118 bytes)
C2 CompilerThread4  16467 11292       4       jdk.nio.zipfs.ZipFileSystem$IndexNode::pathHasDotOrDotDot (123 bytes)
C2 CompilerThread5  16467 11293   !   4       jdk.nio.zipfs.ZipFileSystem::checkUTF8 (56 bytes)
C1 CompilerThread2  16467 11326       3       org.eclipse.jdt.internal.compiler.util.SimpleLookupTable::get (59 bytes)
Total: 9

VM state: at safepoint (normal execution)

VM Mutex/Monitor currently owned by a thread:  ([mutex/lock_event])
[0x00007ffd9003e308] Threads_lock - owner thread: 0x0000025174c6ebf0
[0x00007ffd9003e408] Heap_lock - owner thread: 0x000002517df77280

Heap address: 0x00000000c0000000, size: 1024 MB, Compressed Oops mode: 32-bit

CDS archive(s) mapped at: [0x000002510f000000-0x000002510fba0000-0x000002510fba0000), size 12189696, SharedBaseAddress: 0x000002510f000000, ArchiveRelocationMode: 1.
Compressed class space mapped at: 0x0000025110000000-0x0000025150000000, reserved size: 1073741824
Narrow klass base: 0x000002510f000000, Narrow klass shift: 0, Narrow klass range: 0x100000000

GC Precious Log:
 CardTable entry size: 512
 CPUs: 16 total, 16 available
 Memory: 15610M
 Large Page Support: Disabled
 NUMA Support: Disabled
 Compressed Oops: Enabled (32-bit)
 Alignments: Space 512K, Generation 512K, Heap 2M
 Heap Min Capacity: 100M
 Heap Initial Capacity: 100M
 Heap Max Capacity: 1G
 Pre-touch: Disabled
 Parallel Workers: 13

Heap:
 PSYoungGen      total 16384K, used 498K [0x00000000eab00000, 0x00000000ebc80000, 0x0000000100000000)
  eden space 15872K, 0% used [0x00000000eab00000,0x00000000eab00000,0x00000000eba80000)
  from space 512K, 97% used [0x00000000ebc00000,0x00000000ebc7ca38,0x00000000ebc80000)
  to   space 1024K, 0% used [0x00000000eba80000,0x00000000eba80000,0x00000000ebb80000)
 ParOldGen       total 68608K, used 50357K [0x00000000c0000000, 0x00000000c4300000, 0x00000000eab00000)
  object space 68608K, 73% used [0x00000000c0000000,0x00000000c312d768,0x00000000c4300000)
 Metaspace       used 60270K, committed 61696K, reserved 1114112K
  class space    used 6352K, committed 6976K, reserved 1048576K

Card table byte_map: [0x0000025174550000,0x0000025174760000] _byte_map_base: 0x0000025173f50000

Marking Bits: (ParMarkBitMap*) 0x00007ffd900431f0
 Begin Bits: [0x0000025177da0000, 0x0000025178da0000)
 End Bits:   [0x0000025178da0000, 0x0000025179da0000)

Polling page: 0x0000025172a30000

Metaspace:

Usage:
  Non-class:     52.65 MB used.
      Class:      6.20 MB used.
       Both:     58.86 MB used.

Virtual space:
  Non-class space:       64.00 MB reserved,      53.44 MB ( 83%) committed,  1 nodes.
      Class space:        1.00 GB reserved,       6.81 MB ( <1%) committed,  1 nodes.
             Both:        1.06 GB reserved,      60.25 MB (  6%) committed. 

Chunk freelists:
   Non-Class:  10.09 MB
       Class:  9.12 MB
        Both:  19.22 MB

MaxMetaspaceSize: unlimited
CompressedClassSpaceSize: 1.00 GB
Initial GC threshold: 21.00 MB
Current GC threshold: 97.31 MB
CDS: on
 - commit_granule_bytes: 65536.
 - commit_granule_words: 8192.
 - virtual_space_node_default_size: 8388608.
 - enlarge_chunks_in_place: 1.
 - use_allocation_guard: 0.


Internal statistics:

num_allocs_failed_limit: 9.
num_arena_births: 1104.
num_arena_deaths: 22.
num_vsnodes_births: 2.
num_vsnodes_deaths: 0.
num_space_committed: 964.
num_space_uncommitted: 0.
num_chunks_returned_to_freelist: 35.
num_chunks_taken_from_freelist: 3692.
num_chunk_merges: 20.
num_chunk_splits: 2294.
num_chunks_enlarged: 1344.
num_inconsistent_stats: 0.

CodeHeap 'non-profiled nmethods': size=119168Kb used=6480Kb max_used=6480Kb free=112687Kb
 bounds [0x0000025107ba0000, 0x0000025108200000, 0x000002510f000000]
CodeHeap 'profiled nmethods': size=119104Kb used=22874Kb max_used=22874Kb free=96229Kb
 bounds [0x0000025100000000, 0x0000025101660000, 0x0000025107450000]
CodeHeap 'non-nmethods': size=7488Kb used=2581Kb max_used=3178Kb free=4906Kb
 bounds [0x0000025107450000, 0x0000025107780000, 0x0000025107ba0000]
 total_blobs=11256 nmethods=10505 adapters=653
 compilation: enabled
              stopped_count=0, restarted_count=0
 full_count=0

Compilation events (20 events):
Event: 12.419 Thread 0x000002517f53e2b0 nmethod 11302 0x0000025101654b10 code [0x0000025101654cc0, 0x0000025101654ee0]
Event: 12.419 Thread 0x000002517f53e2b0 11305       3       java.lang.invoke.DelegatingMethodHandle$Holder::reinvoke_L (20 bytes)
Event: 12.419 Thread 0x000002517b6ba730 nmethod 11304 0x0000025101655010 code [0x00000251016551c0, 0x0000025101655398]
Event: 12.419 Thread 0x000002517b6ba730 11306       3       java.lang.invoke.LambdaForm$MH/0x00000251106a8c00::invoke (45 bytes)
Event: 12.419 Thread 0x000002517f53e2b0 nmethod 11305 0x0000025101655490 code [0x0000025101655660, 0x00000251016559f0]
Event: 12.419 Thread 0x000002517b6ba730 nmethod 11306 0x0000025101655b10 code [0x0000025101655d00, 0x0000025101656380]
Event: 12.419 Thread 0x000002517f53e2b0 11307       3       java.lang.StringConcatHelper::mix (12 bytes)
Event: 12.419 Thread 0x000002517b6ba730 11308       3       java.lang.StringConcatHelper::coder (15 bytes)
Event: 12.419 Thread 0x000002517b6ba730 nmethod 11308 0x0000025101656510 code [0x00000251016566c0, 0x00000251016568d0]
Event: 12.420 Thread 0x00000251592969c0 nmethod 11291 0x00000251081f3c90 code [0x00000251081f3e20, 0x00000251081f4050]
Event: 12.420 Thread 0x000002517b6ba730 11312       3       org.eclipse.jdt.internal.compiler.classfmt.InnerClassInfo::getSourceName (60 bytes)
Event: 12.420 Thread 0x00000251592969c0 11292       4       jdk.nio.zipfs.ZipFileSystem$IndexNode::pathHasDotOrDotDot (123 bytes)
Event: 12.420 Thread 0x000002517b6ba730 nmethod 11312 0x0000025101656990 code [0x0000025101656b80, 0x0000025101657048]
Event: 12.420 Thread 0x000002517b6ba730 11309       3       java.lang.StringConcatHelper::prepend (22 bytes)
Event: 12.420 Thread 0x000002517b6ba730 nmethod 11309 0x0000025101657290 code [0x0000025101657440, 0x00000251016575d8]
Event: 13.438 Thread 0x000002517f53e2b0 nmethod 11307 0x0000025101657690 code [0x0000025101657860, 0x0000025101657bf8]
Event: 14.426 Thread 0x000002517f53e2b0 11327       3       org.eclipse.jdt.internal.core.search.indexing.BinaryIndexer::decodeReturnType (407 bytes)
Event: 14.426 Thread 0x000002517b6ba730 11334 %     3       jdk.nio.zipfs.ZipFileSystem$IndexNode::normalize @ 14 (79 bytes)
Event: 14.426 Thread 0x0000025159298500 11293   !   4       jdk.nio.zipfs.ZipFileSystem::checkUTF8 (56 bytes)
Event: 14.426 Thread 0x0000025159298bd0 11326       3       org.eclipse.jdt.internal.compiler.util.SimpleLookupTable::get (59 bytes)

GC Heap History (20 events):
Event: 8.274 GC heap after
{Heap after GC invocations=35 (full 2):
 PSYoungGen      total 17920K, used 1664K [0x00000000eab00000, 0x00000000ebe80000, 0x0000000100000000)
  eden space 15872K, 0% used [0x00000000eab00000,0x00000000eab00000,0x00000000eba80000)
  from space 2048K, 81% used [0x00000000eba80000,0x00000000ebc20010,0x00000000ebc80000)
  to   space 2048K, 0% used [0x00000000ebc80000,0x00000000ebc80000,0x00000000ebe80000)
 ParOldGen       total 68608K, used 42993K [0x00000000c0000000, 0x00000000c4300000, 0x00000000eab00000)
  object space 68608K, 62% used [0x00000000c0000000,0x00000000c29fc500,0x00000000c4300000)
 Metaspace       used 57713K, committed 59008K, reserved 1114112K
  class space    used 6096K, committed 6592K, reserved 1048576K
}
Event: 8.317 GC heap before
{Heap before GC invocations=36 (full 2):
 PSYoungGen      total 17920K, used 17536K [0x00000000eab00000, 0x00000000ebe80000, 0x0000000100000000)
  eden space 15872K, 100% used [0x00000000eab00000,0x00000000eba80000,0x00000000eba80000)
  from space 2048K, 81% used [0x00000000eba80000,0x00000000ebc20010,0x00000000ebc80000)
  to   space 2048K, 0% used [0x00000000ebc80000,0x00000000ebc80000,0x00000000ebe80000)
 ParOldGen       total 68608K, used 42993K [0x00000000c0000000, 0x00000000c4300000, 0x00000000eab00000)
  object space 68608K, 62% used [0x00000000c0000000,0x00000000c29fc500,0x00000000c4300000)
 Metaspace       used 57725K, committed 59008K, reserved 1114112K
  class space    used 6096K, committed 6592K, reserved 1048576K
}
Event: 8.320 GC heap after
{Heap after GC invocations=36 (full 2):
 PSYoungGen      total 17920K, used 1664K [0x00000000eab00000, 0x00000000ebe80000, 0x0000000100000000)
  eden space 15872K, 0% used [0x00000000eab00000,0x00000000eab00000,0x00000000eba80000)
  from space 2048K, 81% used [0x00000000ebc80000,0x00000000ebe20000,0x00000000ebe80000)
  to   space 2048K, 0% used [0x00000000eba80000,0x00000000eba80000,0x00000000ebc80000)
 ParOldGen       total 68608K, used 44513K [0x00000000c0000000, 0x00000000c4300000, 0x00000000eab00000)
  object space 68608K, 64% used [0x00000000c0000000,0x00000000c2b78510,0x00000000c4300000)
 Metaspace       used 57725K, committed 59008K, reserved 1114112K
  class space    used 6096K, committed 6592K, reserved 1048576K
}
Event: 8.355 GC heap before
{Heap before GC invocations=37 (full 2):
 PSYoungGen      total 17920K, used 17536K [0x00000000eab00000, 0x00000000ebe80000, 0x0000000100000000)
  eden space 15872K, 100% used [0x00000000eab00000,0x00000000eba80000,0x00000000eba80000)
  from space 2048K, 81% used [0x00000000ebc80000,0x00000000ebe20000,0x00000000ebe80000)
  to   space 2048K, 0% used [0x00000000eba80000,0x00000000eba80000,0x00000000ebc80000)
 ParOldGen       total 68608K, used 44513K [0x00000000c0000000, 0x00000000c4300000, 0x00000000eab00000)
  object space 68608K, 64% used [0x00000000c0000000,0x00000000c2b78510,0x00000000c4300000)
 Metaspace       used 57727K, committed 59008K, reserved 1114112K
  class space    used 6096K, committed 6592K, reserved 1048576K
}
Event: 8.357 GC heap after
{Heap after GC invocations=37 (full 2):
 PSYoungGen      total 17920K, used 1700K [0x00000000eab00000, 0x00000000ebe80000, 0x0000000100000000)
  eden space 15872K, 0% used [0x00000000eab00000,0x00000000eab00000,0x00000000eba80000)
  from space 2048K, 83% used [0x00000000eba80000,0x00000000ebc29000,0x00000000ebc80000)
  to   space 2048K, 0% used [0x00000000ebc80000,0x00000000ebc80000,0x00000000ebe80000)
 ParOldGen       total 68608K, used 45985K [0x00000000c0000000, 0x00000000c4300000, 0x00000000eab00000)
  object space 68608K, 67% used [0x00000000c0000000,0x00000000c2ce8510,0x00000000c4300000)
 Metaspace       used 57727K, committed 59008K, reserved 1114112K
  class space    used 6096K, committed 6592K, reserved 1048576K
}
Event: 8.397 GC heap before
{Heap before GC invocations=38 (full 2):
 PSYoungGen      total 17920K, used 17572K [0x00000000eab00000, 0x00000000ebe80000, 0x0000000100000000)
  eden space 15872K, 100% used [0x00000000eab00000,0x00000000eba80000,0x00000000eba80000)
  from space 2048K, 83% used [0x00000000eba80000,0x00000000ebc29000,0x00000000ebc80000)
  to   space 2048K, 0% used [0x00000000ebc80000,0x00000000ebc80000,0x00000000ebe80000)
 ParOldGen       total 68608K, used 45985K [0x00000000c0000000, 0x00000000c4300000, 0x00000000eab00000)
  object space 68608K, 67% used [0x00000000c0000000,0x00000000c2ce8510,0x00000000c4300000)
 Metaspace       used 57750K, committed 59008K, reserved 1114112K
  class space    used 6099K, committed 6592K, reserved 1048576K
}
Event: 8.400 GC heap after
{Heap after GC invocations=38 (full 2):
 PSYoungGen      total 17920K, used 1792K [0x00000000eab00000, 0x00000000ebe80000, 0x0000000100000000)
  eden space 15872K, 0% used [0x00000000eab00000,0x00000000eab00000,0x00000000eba80000)
  from space 2048K, 87% used [0x00000000ebc80000,0x00000000ebe40010,0x00000000ebe80000)
  to   space 2048K, 0% used [0x00000000eba80000,0x00000000eba80000,0x00000000ebc80000)
 ParOldGen       total 68608K, used 47503K [0x00000000c0000000, 0x00000000c4300000, 0x00000000eab00000)
  object space 68608K, 69% used [0x00000000c0000000,0x00000000c2e63d28,0x00000000c4300000)
 Metaspace       used 57750K, committed 59008K, reserved 1114112K
  class space    used 6099K, committed 6592K, reserved 1048576K
}
Event: 8.451 GC heap before
{Heap before GC invocations=39 (full 2):
 PSYoungGen      total 17920K, used 17664K [0x00000000eab00000, 0x00000000ebe80000, 0x0000000100000000)
  eden space 15872K, 100% used [0x00000000eab00000,0x00000000eba80000,0x00000000eba80000)
  from space 2048K, 87% used [0x00000000ebc80000,0x00000000ebe40010,0x00000000ebe80000)
  to   space 2048K, 0% used [0x00000000eba80000,0x00000000eba80000,0x00000000ebc80000)
 ParOldGen       total 68608K, used 47503K [0x00000000c0000000, 0x00000000c4300000, 0x00000000eab00000)
  object space 68608K, 69% used [0x00000000c0000000,0x00000000c2e63d28,0x00000000c4300000)
 Metaspace       used 57772K, committed 59008K, reserved 1114112K
  class space    used 6099K, committed 6592K, reserved 1048576K
}
Event: 8.453 GC heap after
{Heap after GC invocations=39 (full 2):
 PSYoungGen      total 17920K, used 1504K [0x00000000eab00000, 0x00000000ebe80000, 0x0000000100000000)
  eden space 15872K, 0% used [0x00000000eab00000,0x00000000eab00000,0x00000000eba80000)
  from space 2048K, 73% used [0x00000000eba80000,0x00000000ebbf8000,0x00000000ebc80000)
  to   space 2048K, 0% used [0x00000000ebc80000,0x00000000ebc80000,0x00000000ebe80000)
 ParOldGen       total 68608K, used 49167K [0x00000000c0000000, 0x00000000c4300000, 0x00000000eab00000)
  object space 68608K, 71% used [0x00000000c0000000,0x00000000c3003d38,0x00000000c4300000)
 Metaspace       used 57772K, committed 59008K, reserved 1114112K
  class space    used 6099K, committed 6592K, reserved 1048576K
}
Event: 8.505 GC heap before
{Heap before GC invocations=40 (full 2):
 PSYoungGen      total 17920K, used 17376K [0x00000000eab00000, 0x00000000ebe80000, 0x0000000100000000)
  eden space 15872K, 100% used [0x00000000eab00000,0x00000000eba80000,0x00000000eba80000)
  from space 2048K, 73% used [0x00000000eba80000,0x00000000ebbf8000,0x00000000ebc80000)
  to   space 2048K, 0% used [0x00000000ebc80000,0x00000000ebc80000,0x00000000ebe80000)
 ParOldGen       total 68608K, used 49167K [0x00000000c0000000, 0x00000000c4300000, 0x00000000eab00000)
  object space 68608K, 71% used [0x00000000c0000000,0x00000000c3003d38,0x00000000c4300000)
 Metaspace       used 57836K, committed 59072K, reserved 1114112K
  class space    used 6100K, committed 6592K, reserved 1048576K
}
Event: 8.507 GC heap after
{Heap after GC invocations=40 (full 2):
 PSYoungGen      total 17408K, used 1504K [0x00000000eab00000, 0x00000000ebe00000, 0x0000000100000000)
  eden space 15872K, 0% used [0x00000000eab00000,0x00000000eab00000,0x00000000eba80000)
  from space 1536K, 97% used [0x00000000ebc80000,0x00000000ebdf8000,0x00000000ebe00000)
  to   space 1536K, 0% used [0x00000000ebb00000,0x00000000ebb00000,0x00000000ebc80000)
 ParOldGen       total 68608K, used 50431K [0x00000000c0000000, 0x00000000c4300000, 0x00000000eab00000)
  object space 68608K, 73% used [0x00000000c0000000,0x00000000c313fd38,0x00000000c4300000)
 Metaspace       used 57836K, committed 59072K, reserved 1114112K
  class space    used 6100K, committed 6592K, reserved 1048576K
}
Event: 8.726 GC heap before
{Heap before GC invocations=41 (full 2):
 PSYoungGen      total 17408K, used 17376K [0x00000000eab00000, 0x00000000ebe00000, 0x0000000100000000)
  eden space 15872K, 100% used [0x00000000eab00000,0x00000000eba80000,0x00000000eba80000)
  from space 1536K, 97% used [0x00000000ebc80000,0x00000000ebdf8000,0x00000000ebe00000)
  to   space 1536K, 0% used [0x00000000ebb00000,0x00000000ebb00000,0x00000000ebc80000)
 ParOldGen       total 68608K, used 50431K [0x00000000c0000000, 0x00000000c4300000, 0x00000000eab00000)
  object space 68608K, 73% used [0x00000000c0000000,0x00000000c313fd38,0x00000000c4300000)
 Metaspace       used 58083K, committed 59328K, reserved 1114112K
  class space    used 6122K, committed 6656K, reserved 1048576K
}
Event: 8.727 GC heap after
{Heap after GC invocations=41 (full 2):
 PSYoungGen      total 16896K, used 712K [0x00000000eab00000, 0x00000000ebd00000, 0x0000000100000000)
  eden space 15872K, 0% used [0x00000000eab00000,0x00000000eab00000,0x00000000eba80000)
  from space 1024K, 69% used [0x00000000ebb00000,0x00000000ebbb22c0,0x00000000ebc00000)
  to   space 1024K, 0% used [0x00000000ebc00000,0x00000000ebc00000,0x00000000ebd00000)
 ParOldGen       total 68608K, used 51815K [0x00000000c0000000, 0x00000000c4300000, 0x00000000eab00000)
  object space 68608K, 75% used [0x00000000c0000000,0x00000000c3299f38,0x00000000c4300000)
 Metaspace       used 58083K, committed 59328K, reserved 1114112K
  class space    used 6122K, committed 6656K, reserved 1048576K
}
Event: 9.085 GC heap before
{Heap before GC invocations=42 (full 2):
 PSYoungGen      total 16896K, used 13926K [0x00000000eab00000, 0x00000000ebd00000, 0x0000000100000000)
  eden space 15872K, 83% used [0x00000000eab00000,0x00000000eb7e76b0,0x00000000eba80000)
  from space 1024K, 69% used [0x00000000ebb00000,0x00000000ebbb22c0,0x00000000ebc00000)
  to   space 1024K, 0% used [0x00000000ebc00000,0x00000000ebc00000,0x00000000ebd00000)
 ParOldGen       total 68608K, used 51815K [0x00000000c0000000, 0x00000000c4300000, 0x00000000eab00000)
  object space 68608K, 75% used [0x00000000c0000000,0x00000000c3299f38,0x00000000c4300000)
 Metaspace       used 58419K, committed 59776K, reserved 1114112K
  class space    used 6150K, committed 6720K, reserved 1048576K
}
Event: 9.086 GC heap after
{Heap after GC invocations=42 (full 2):
 PSYoungGen      total 16384K, used 320K [0x00000000eab00000, 0x00000000ebc80000, 0x0000000100000000)
  eden space 15872K, 0% used [0x00000000eab00000,0x00000000eab00000,0x00000000eba80000)
  from space 512K, 62% used [0x00000000ebc00000,0x00000000ebc50000,0x00000000ebc80000)
  to   space 1024K, 0% used [0x00000000eba80000,0x00000000eba80000,0x00000000ebb80000)
 ParOldGen       total 68608K, used 52239K [0x00000000c0000000, 0x00000000c4300000, 0x00000000eab00000)
  object space 68608K, 76% used [0x00000000c0000000,0x00000000c3303f38,0x00000000c4300000)
 Metaspace       used 58419K, committed 59776K, reserved 1114112K
  class space    used 6150K, committed 6720K, reserved 1048576K
}
Event: 9.086 GC heap before
{Heap before GC invocations=43 (full 3):
 PSYoungGen      total 16384K, used 320K [0x00000000eab00000, 0x00000000ebc80000, 0x0000000100000000)
  eden space 15872K, 0% used [0x00000000eab00000,0x00000000eab00000,0x00000000eba80000)
  from space 512K, 62% used [0x00000000ebc00000,0x00000000ebc50000,0x00000000ebc80000)
  to   space 1024K, 0% used [0x00000000eba80000,0x00000000eba80000,0x00000000ebb80000)
 ParOldGen       total 68608K, used 52239K [0x00000000c0000000, 0x00000000c4300000, 0x00000000eab00000)
  object space 68608K, 76% used [0x00000000c0000000,0x00000000c3303f38,0x00000000c4300000)
 Metaspace       used 58419K, committed 59776K, reserved 1114112K
  class space    used 6150K, committed 6720K, reserved 1048576K
}
Event: 9.160 GC heap after
{Heap after GC invocations=43 (full 3):
 PSYoungGen      total 16384K, used 0K [0x00000000eab00000, 0x00000000ebc80000, 0x0000000100000000)
  eden space 15872K, 0% used [0x00000000eab00000,0x00000000eab00000,0x00000000eba80000)
  from space 512K, 0% used [0x00000000ebc00000,0x00000000ebc00000,0x00000000ebc80000)
  to   space 1024K, 0% used [0x00000000eba80000,0x00000000eba80000,0x00000000ebb80000)
 ParOldGen       total 68608K, used 43112K [0x00000000c0000000, 0x00000000c4300000, 0x00000000eab00000)
  object space 68608K, 62% used [0x00000000c0000000,0x00000000c2a1a370,0x00000000c4300000)
 Metaspace       used 58412K, committed 59776K, reserved 1114112K
  class space    used 6148K, committed 6720K, reserved 1048576K
}
Event: 10.352 GC heap before
{Heap before GC invocations=44 (full 3):
 PSYoungGen      total 16384K, used 15872K [0x00000000eab00000, 0x00000000ebc80000, 0x0000000100000000)
  eden space 15872K, 100% used [0x00000000eab00000,0x00000000eba80000,0x00000000eba80000)
  from space 512K, 0% used [0x00000000ebc00000,0x00000000ebc00000,0x00000000ebc80000)
  to   space 1024K, 0% used [0x00000000eba80000,0x00000000eba80000,0x00000000ebb80000)
 ParOldGen       total 68608K, used 43112K [0x00000000c0000000, 0x00000000c4300000, 0x00000000eab00000)
  object space 68608K, 62% used [0x00000000c0000000,0x00000000c2a1a370,0x00000000c4300000)
 Metaspace       used 59619K, committed 60992K, reserved 1114112K
  class space    used 6292K, committed 6912K, reserved 1048576K
}
Event: 12.369 GC heap after
{Heap after GC invocations=44 (full 3):
 PSYoungGen      total 16896K, used 1016K [0x00000000eab00000, 0x00000000ebc80000, 0x0000000100000000)
  eden space 15872K, 0% used [0x00000000eab00000,0x00000000eab00000,0x00000000eba80000)
  from space 1024K, 99% used [0x00000000eba80000,0x00000000ebb7e1c8,0x00000000ebb80000)
  to   space 512K, 0% used [0x00000000ebc00000,0x00000000ebc00000,0x00000000ebc80000)
 ParOldGen       total 68608K, used 43934K [0x00000000c0000000, 0x00000000c4300000, 0x00000000eab00000)
  object space 68608K, 64% used [0x00000000c0000000,0x00000000c2ae7880,0x00000000c4300000)
 Metaspace       used 59619K, committed 60992K, reserved 1114112K
  class space    used 6292K, committed 6912K, reserved 1048576K
}
Event: 14.431 GC heap before
{Heap before GC invocations=45 (full 3):
 PSYoungGen      total 16896K, used 16888K [0x00000000eab00000, 0x00000000ebc80000, 0x0000000100000000)
  eden space 15872K, 100% used [0x00000000eab00000,0x00000000eba80000,0x00000000eba80000)
  from space 1024K, 99% used [0x00000000eba80000,0x00000000ebb7e1c8,0x00000000ebb80000)
  to   space 512K, 0% used [0x00000000ebc00000,0x00000000ebc00000,0x00000000ebc80000)
 ParOldGen       total 68608K, used 43934K [0x00000000c0000000, 0x00000000c4300000, 0x00000000eab00000)
  object space 68608K, 64% used [0x00000000c0000000,0x00000000c2ae7880,0x00000000c4300000)
 Metaspace       used 60270K, committed 61696K, reserved 1114112K
  class space    used 6352K, committed 6976K, reserved 1048576K
}

Dll operation events (14 events):
Event: 0.009 Loaded shared library c:\Users\dasun\.vscode\extensions\redhat.java-1.42.0-win32-x64\jre\21.0.7-win32-x86_64\bin\java.dll
Event: 0.073 Loaded shared library c:\Users\dasun\.vscode\extensions\redhat.java-1.42.0-win32-x64\jre\21.0.7-win32-x86_64\bin\zip.dll
Event: 0.091 Loaded shared library C:\Users\dasun\.vscode\extensions\redhat.java-1.42.0-win32-x64\jre\21.0.7-win32-x86_64\bin\instrument.dll
Event: 0.096 Loaded shared library C:\Users\dasun\.vscode\extensions\redhat.java-1.42.0-win32-x64\jre\21.0.7-win32-x86_64\bin\net.dll
Event: 0.098 Loaded shared library C:\Users\dasun\.vscode\extensions\redhat.java-1.42.0-win32-x64\jre\21.0.7-win32-x86_64\bin\nio.dll
Event: 0.102 Loaded shared library C:\Users\dasun\.vscode\extensions\redhat.java-1.42.0-win32-x64\jre\21.0.7-win32-x86_64\bin\zip.dll
Event: 0.119 Loaded shared library C:\Users\dasun\.vscode\extensions\redhat.java-1.42.0-win32-x64\jre\21.0.7-win32-x86_64\bin\jimage.dll
Event: 0.189 Loaded shared library c:\Users\dasun\.vscode\extensions\redhat.java-1.42.0-win32-x64\jre\21.0.7-win32-x86_64\bin\verify.dll
Event: 1.248 Loaded shared library C:\Users\dasun\AppData\Roaming\Code\User\globalStorage\redhat.java\1.42.0\config_win\org.eclipse.equinox.launcher\org.eclipse.equinox.launcher.win32.win32.x86_64_1.2.1300.v20250331-1702\eclipse_11911.dll
Event: 2.236 Loaded shared library C:\Users\dasun\.vscode\extensions\redhat.java-1.42.0-win32-x64\jre\21.0.7-win32-x86_64\bin\management.dll
Event: 2.239 Loaded shared library C:\Users\dasun\.vscode\extensions\redhat.java-1.42.0-win32-x64\jre\21.0.7-win32-x86_64\bin\management_ext.dll
Event: 3.425 Loaded shared library C:\Users\dasun\AppData\Local\Temp\jna-95356079\jna6411253384976831502.dll
Event: 3.667 Loaded shared library C:\Users\dasun\.vscode\extensions\redhat.java-1.42.0-win32-x64\jre\21.0.7-win32-x86_64\bin\sunmscapi.dll
Event: 3.908 Loaded shared library C:\Users\dasun\.vscode\extensions\redhat.java-1.42.0-win32-x64\jre\21.0.7-win32-x86_64\bin\extnet.dll

Deoptimization events (20 events):
Event: 12.380 Thread 0x000002517df77280 DEOPT PACKING pc=0x0000025108169308 sp=0x000000ec248fec90
Event: 12.380 Thread 0x000002517df77280 DEOPT UNPACKING pc=0x00000251074a3aa2 sp=0x000000ec248febe0 mode 2
Event: 12.380 Thread 0x000002517df77280 Uncommon trap: trap_request=0xffffffde fr.pc=0x0000025108166d18 relative=0x0000000000000a58
Event: 12.380 Thread 0x000002517df77280 Uncommon trap: reason=class_check action=maybe_recompile pc=0x0000025108166d18 method=org.eclipse.jdt.internal.compiler.util.JrtFileSystem$2.visitFile(Ljava/nio/file/Path;Ljava/nio/file/attribute/BasicFileAttributes;)Ljava/nio/file/FileVisitResult; @ 66 c
Event: 12.380 Thread 0x000002517df77280 DEOPT PACKING pc=0x0000025108166d18 sp=0x000000ec248fec20
Event: 12.380 Thread 0x000002517df77280 DEOPT UNPACKING pc=0x00000251074a3aa2 sp=0x000000ec248febe0 mode 2
Event: 12.410 Thread 0x000002517df77280 DEOPT PACKING pc=0x000002510033b06d sp=0x000000ec248fe760
Event: 12.410 Thread 0x000002517df77280 DEOPT UNPACKING pc=0x00000251074a4242 sp=0x000000ec248fdb28 mode 0
Event: 12.413 Thread 0x000002517df77280 DEOPT PACKING pc=0x00000251007d6658 sp=0x000000ec248fe720
Event: 12.413 Thread 0x000002517df77280 DEOPT UNPACKING pc=0x00000251074a4242 sp=0x000000ec248fdba8 mode 0
Event: 12.416 Thread 0x000002517df77280 DEOPT PACKING pc=0x0000025101639e9b sp=0x000000ec248fe6c0
Event: 12.416 Thread 0x000002517df77280 DEOPT UNPACKING pc=0x00000251074a4242 sp=0x000000ec248fdc00 mode 0
Event: 12.421 Thread 0x000002517df78630 Uncommon trap: trap_request=0xffffff45 fr.pc=0x00000251081f3ff4 relative=0x00000000000001d4
Event: 13.422 Thread 0x000002517df78630 Uncommon trap: reason=unstable_if action=reinterpret pc=0x00000251081f3ff4 method=jdk.nio.zipfs.ZipFileSystem$IndexNode.normalize([B)[B @ 66 c2
Event: 13.422 Thread 0x000002517df77280 DEOPT PACKING pc=0x000002510047fd4a sp=0x000000ec248fe8c0
Event: 13.422 Thread 0x000002517df77280 DEOPT UNPACKING pc=0x00000251074a4242 sp=0x000000ec248fdd28 mode 0
Event: 14.426 Thread 0x000002517df78630 DEOPT PACKING pc=0x00000251081f3ff4 sp=0x000000ec25cfdf40
Event: 14.426 Thread 0x000002517df77280 DEOPT PACKING pc=0x000002510047db1a sp=0x000000ec248fe850
Event: 14.426 Thread 0x000002517df78630 DEOPT UNPACKING pc=0x00000251074a3aa2 sp=0x000000ec25cfdea8 mode 2
Event: 14.426 Thread 0x000002517df77280 DEOPT UNPACKING pc=0x00000251074a4242 sp=0x000000ec248fdd10 mode 0

Classes loaded (20 events):
Event: 9.240 Loading class java/util/stream/Nodes$ConcNode
Event: 9.240 Loading class java/util/stream/Nodes$AbstractConcNode
Event: 9.240 Loading class java/util/stream/Nodes$AbstractConcNode done
Event: 9.240 Loading class java/util/stream/Nodes$ConcNode done
Event: 9.255 Loading class java/io/FileFilter
Event: 9.255 Loading class java/io/FileFilter done
Event: 9.260 Loading class java/util/CollSer
Event: 9.260 Loading class java/util/CollSer done
Event: 10.332 Loading class sun/security/ssl/Alert
Event: 10.332 Loading class java/util/ArrayDeque$DeqSpliterator
Event: 10.332 Loading class java/util/ArrayDeque$DeqSpliterator done
Event: 10.332 Loading class sun/security/ssl/Alert done
Event: 10.332 Loading class sun/security/ssl/Alert$AlertConsumer
Event: 10.332 Loading class sun/security/ssl/Alert$AlertConsumer done
Event: 10.332 Loading class sun/security/ssl/Alert$Level
Event: 10.332 Loading class sun/security/ssl/Alert$Level done
Event: 12.397 Loading class java/nio/file/attribute/PosixFileAttributes
Event: 12.397 Loading class java/nio/file/attribute/PosixFileAttributes done
Event: 12.404 Loading class java/nio/file/attribute/PosixFileAttributeView
Event: 12.405 Loading class java/nio/file/attribute/PosixFileAttributeView done

Classes unloaded (11 events):
Event: 2.765 Thread 0x0000025174c6ebf0 Unloading class 0x00000251101a4400 'java/lang/invoke/LambdaForm$MH+0x00000251101a4400'
Event: 2.765 Thread 0x0000025174c6ebf0 Unloading class 0x00000251101a4000 'java/lang/invoke/LambdaForm$MH+0x00000251101a4000'
Event: 2.765 Thread 0x0000025174c6ebf0 Unloading class 0x00000251101a3c00 'java/lang/invoke/LambdaForm$MH+0x00000251101a3c00'
Event: 2.765 Thread 0x0000025174c6ebf0 Unloading class 0x00000251101a3800 'java/lang/invoke/LambdaForm$MH+0x00000251101a3800'
Event: 2.765 Thread 0x0000025174c6ebf0 Unloading class 0x00000251101a3400 'java/lang/invoke/LambdaForm$BMH+0x00000251101a3400'
Event: 2.765 Thread 0x0000025174c6ebf0 Unloading class 0x00000251101a3000 'java/lang/invoke/LambdaForm$DMH+0x00000251101a3000'
Event: 2.765 Thread 0x0000025174c6ebf0 Unloading class 0x00000251101a1c00 'java/lang/invoke/LambdaForm$DMH+0x00000251101a1c00'
Event: 9.093 Thread 0x0000025174c6ebf0 Unloading class 0x0000025110630c00 'java/lang/invoke/LambdaForm$DMH+0x0000025110630c00'
Event: 9.093 Thread 0x0000025174c6ebf0 Unloading class 0x0000025110630800 'java/lang/invoke/LambdaForm$DMH+0x0000025110630800'
Event: 9.093 Thread 0x0000025174c6ebf0 Unloading class 0x0000025110630400 'java/lang/invoke/LambdaForm$DMH+0x0000025110630400'
Event: 9.093 Thread 0x0000025174c6ebf0 Unloading class 0x0000025110630000 'java/lang/invoke/LambdaForm$DMH+0x0000025110630000'

Classes redefined (0 events):
No events

Internal exceptions (20 events):
Event: 9.183 Thread 0x000002517df77fa0 Exception <a 'sun/nio/fs/WindowsException'{0x00000000ead3dc70}> (0x00000000ead3dc70) 
thrown [s\src\hotspot\share\prims\jni.cpp, line 520]
Event: 9.202 Thread 0x00000251541cd450 Exception <a 'sun/nio/fs/WindowsException'{0x00000000eafd0500}> (0x00000000eafd0500) 
thrown [s\src\hotspot\share\prims\jni.cpp, line 520]
Event: 9.203 Thread 0x00000251541cd450 Exception <a 'sun/nio/fs/WindowsException'{0x00000000eafd3f30}> (0x00000000eafd3f30) 
thrown [s\src\hotspot\share\prims\jni.cpp, line 520]
Event: 9.215 Thread 0x00000251541cd450 Exception <a 'sun/nio/fs/WindowsException'{0x00000000eb01b618}> (0x00000000eb01b618) 
thrown [s\src\hotspot\share\prims\jni.cpp, line 520]
Event: 9.224 Thread 0x00000251541cd450 Exception <a 'sun/nio/fs/WindowsException'{0x00000000eb03c350}> (0x00000000eb03c350) 
thrown [s\src\hotspot\share\prims\jni.cpp, line 520]
Event: 9.225 Thread 0x00000251541cd450 Exception <a 'sun/nio/fs/WindowsException'{0x00000000eb03c980}> (0x00000000eb03c980) 
thrown [s\src\hotspot\share\prims\jni.cpp, line 520]
Event: 9.229 Thread 0x00000251541cd450 Implicit null exception at 0x00000251080f7284 to 0x00000251080f7aec
Event: 9.247 Thread 0x0000025155351ba0 Exception <a 'sun/nio/fs/WindowsException'{0x00000000eb37c580}> (0x00000000eb37c580) 
thrown [s\src\hotspot\share\prims\jni.cpp, line 520]
Event: 9.248 Thread 0x0000025155351ba0 Exception <a 'sun/nio/fs/WindowsException'{0x00000000eb37cbb0}> (0x00000000eb37cbb0) 
thrown [s\src\hotspot\share\prims\jni.cpp, line 520]
Event: 9.248 Thread 0x0000025155351ba0 Exception <a 'sun/nio/fs/WindowsException'{0x00000000eb39a628}> (0x00000000eb39a628) 
thrown [s\src\hotspot\share\prims\jni.cpp, line 520]
Event: 9.248 Thread 0x0000025155351ba0 Exception <a 'sun/nio/fs/WindowsException'{0x00000000eb3a6030}> (0x00000000eb3a6030) 
thrown [s\src\hotspot\share\prims\jni.cpp, line 520]
Event: 9.263 Thread 0x00000251553535e0 Exception <a 'java/lang/NoSuchMethodError'{0x00000000eb61efd0}: static Lorg/eclipse/m2e/core/internal/project/registry/MavenProjectFacade$MavenProjectConfiguration;.<clinit>()V> (0x00000000eb61efd0) 
thrown [s\src\hotspot\share\prims\jni.cpp, line 1111]
Event: 9.264 Thread 0x00000251553535e0 Exception <a 'java/lang/NoSuchMethodError'{0x00000000eb647cd8}: static [J.<clinit>()V> (0x00000000eb647cd8) 
thrown [s\src\hotspot\share\prims\jni.cpp, line 1111]
Event: 9.271 Thread 0x00000251553535e0 Exception <a 'sun/nio/fs/WindowsException'{0x00000000eb715c50}> (0x00000000eb715c50) 
thrown [s\src\hotspot\share\prims\jni.cpp, line 520]
Event: 9.271 Thread 0x00000251553535e0 Exception <a 'sun/nio/fs/WindowsException'{0x00000000eb71d840}> (0x00000000eb71d840) 
thrown [s\src\hotspot\share\prims\jni.cpp, line 520]
Event: 10.335 Thread 0x000002517df78630 Exception <a 'sun/nio/fs/WindowsException'{0x00000000eb809300}> (0x00000000eb809300) 
thrown [s\src\hotspot\share\prims\jni.cpp, line 520]
Event: 10.335 Thread 0x000002517df78630 Exception <a 'sun/nio/fs/WindowsException'{0x00000000eb838070}> (0x00000000eb838070) 
thrown [s\src\hotspot\share\prims\jni.cpp, line 520]
Event: 10.338 Thread 0x000002517df78630 Exception <a 'sun/nio/fs/WindowsException'{0x00000000eb87fc10}> (0x00000000eb87fc10) 
thrown [s\src\hotspot\share\prims\jni.cpp, line 520]
Event: 10.338 Thread 0x000002517df78630 Exception <a 'sun/nio/fs/WindowsException'{0x00000000eb8804f0}> (0x00000000eb8804f0) 
thrown [s\src\hotspot\share\prims\jni.cpp, line 520]
Event: 10.347 Thread 0x000002517df78630 Exception <a 'java/lang/NoSuchMethodError'{0x00000000eb9d5910}: 'int java.lang.invoke.DirectMethodHandle$Holder.invokeStatic(java.lang.Object)'> (0x00000000eb9d5910) 
thrown [s\src\hotspot\share\interpreter\linkResolver.cpp, line 773]

ZGC Phase Switch (0 events):
No events

VM Operations (20 events):
Event: 8.727 Executing VM operation: ParallelGCFailedAllocation (Allocation Failure) done
Event: 8.882 Executing VM operation: HandshakeAllThreads (Deoptimize)
Event: 8.882 Executing VM operation: HandshakeAllThreads (Deoptimize) done
Event: 9.085 Executing VM operation: CollectForMetadataAllocation (Metadata GC Threshold)
Event: 9.160 Executing VM operation: CollectForMetadataAllocation (Metadata GC Threshold) done
Event: 9.264 Executing VM operation: HandshakeAllThreads (Deoptimize)
Event: 9.265 Executing VM operation: HandshakeAllThreads (Deoptimize) done
Event: 9.266 Executing VM operation: HandshakeAllThreads (Deoptimize)
Event: 9.266 Executing VM operation: HandshakeAllThreads (Deoptimize) done
Event: 10.280 Executing VM operation: Cleanup
Event: 10.331 Executing VM operation: Cleanup done
Event: 10.348 Executing VM operation: HandshakeAllThreads (Deoptimize)
Event: 10.348 Executing VM operation: HandshakeAllThreads (Deoptimize) done
Event: 10.352 Executing VM operation: ParallelGCFailedAllocation (Allocation Failure)
Event: 12.370 Executing VM operation: ParallelGCFailedAllocation (Allocation Failure) done
Event: 12.404 Executing VM operation: HandshakeAllThreads (Deoptimize)
Event: 12.404 Executing VM operation: HandshakeAllThreads (Deoptimize) done
Event: 13.407 Executing VM operation: Cleanup
Event: 13.438 Executing VM operation: Cleanup done
Event: 14.431 Executing VM operation: ParallelGCFailedAllocation (Allocation Failure)

Memory protections (0 events):
No events

Nmethod flushes (20 events):
Event: 9.119 Thread 0x0000025174c6ebf0 flushing  nmethod 0x000002510092b210
Event: 9.119 Thread 0x0000025174c6ebf0 flushing  nmethod 0x0000025100954b90
Event: 9.119 Thread 0x0000025174c6ebf0 flushing  nmethod 0x000002510096c690
Event: 9.119 Thread 0x0000025174c6ebf0 flushing  nmethod 0x0000025100970c10
Event: 9.119 Thread 0x0000025174c6ebf0 flushing  nmethod 0x0000025100971310
Event: 9.119 Thread 0x0000025174c6ebf0 flushing  nmethod 0x0000025100971910
Event: 9.119 Thread 0x0000025174c6ebf0 flushing  nmethod 0x0000025100972890
Event: 9.119 Thread 0x0000025174c6ebf0 flushing  nmethod 0x0000025100973110
Event: 9.119 Thread 0x0000025174c6ebf0 flushing  nmethod 0x0000025100973490
Event: 9.119 Thread 0x0000025174c6ebf0 flushing  nmethod 0x0000025100974c10
Event: 9.119 Thread 0x0000025174c6ebf0 flushing  nmethod 0x000002510099e790
Event: 9.119 Thread 0x0000025174c6ebf0 flushing  nmethod 0x00000251009b0b10
Event: 9.119 Thread 0x0000025174c6ebf0 flushing  nmethod 0x00000251009baa10
Event: 9.119 Thread 0x0000025174c6ebf0 flushing  nmethod 0x0000025100a19f10
Event: 9.119 Thread 0x0000025174c6ebf0 flushing  nmethod 0x0000025100a1d610
Event: 9.119 Thread 0x0000025174c6ebf0 flushing  nmethod 0x0000025100a2f590
Event: 9.119 Thread 0x0000025174c6ebf0 flushing  nmethod 0x0000025100a58390
Event: 9.119 Thread 0x0000025174c6ebf0 flushing  nmethod 0x0000025100a58c10
Event: 9.119 Thread 0x0000025174c6ebf0 flushing  nmethod 0x0000025100a5ff10
Event: 9.119 Thread 0x0000025174c6ebf0 flushing  nmethod 0x0000025100a9ae10

Events (20 events):
Event: 8.165 Thread 0x000002517f53dbe0 Thread added: 0x000002517f53e2b0
Event: 8.165 Thread 0x000002517f53dbe0 Thread added: 0x000002517f53e980
Event: 8.767 Thread 0x000002517f53e980 Thread exited: 0x000002517f53e980
Event: 8.835 Thread 0x000002517f53e2b0 Thread exited: 0x000002517f53e2b0
Event: 8.835 Thread 0x000002517f53dbe0 Thread exited: 0x000002517f53dbe0
Event: 9.082 Thread 0x000002515556b540 Thread exited: 0x000002515556b540
Event: 9.164 Thread 0x000002517d001bd0 Thread exited: 0x000002517d001bd0
Event: 9.164 Thread 0x000002517b803700 Thread exited: 0x000002517b803700
Event: 9.238 Thread 0x00000251553535e0 Thread added: 0x00000251553528c0
Event: 9.241 Thread 0x00000251553528c0 Thread exited: 0x00000251553528c0
Event: 9.250 Thread 0x000002517b6ba730 Thread added: 0x000002517f53dbe0
Event: 10.331 Thread 0x000002517b9e3050 Thread exited: 0x000002517b9e3050
Event: 12.370 Thread 0x000002517b9e29b0 Thread exited: 0x000002517b9e29b0
Event: 12.370 Thread 0x000002517b7b5120 Thread exited: 0x000002517b7b5120
Event: 12.381 Thread 0x000002517b6ba730 Thread added: 0x000002517f53e2b0
Event: 12.382 Thread 0x000002517f53e2b0 Thread added: 0x000002517f53e980
Event: 12.397 Thread 0x000002517f53e2b0 Thread added: 0x000002517f53f050
Event: 12.413 Thread 0x000002517f53e2b0 Thread added: 0x00000251592969c0
Event: 14.426 Thread 0x000002517b6ba730 Thread added: 0x0000025159298500
Event: 14.426 Thread 0x000002517b6ba730 Thread added: 0x0000025159298bd0


Dynamic libraries:
0x00007ff70b520000 - 0x00007ff70b52e000 	c:\Users\dasun\.vscode\extensions\redhat.java-1.42.0-win32-x64\jre\21.0.7-win32-x86_64\bin\java.exe
0x00007ffe8bbe0000 - 0x00007ffe8be45000 	C:\WINDOWS\SYSTEM32\ntdll.dll
0x00007ffe89980000 - 0x00007ffe89a49000 	C:\WINDOWS\System32\KERNEL32.DLL
0x00007ffe89590000 - 0x00007ffe89978000 	C:\WINDOWS\System32\KERNELBASE.dll
0x00007ffe89030000 - 0x00007ffe8917b000 	C:\WINDOWS\System32\ucrtbase.dll
0x00007ffe815d0000 - 0x00007ffe815ee000 	c:\Users\dasun\.vscode\extensions\redhat.java-1.42.0-win32-x64\jre\21.0.7-win32-x86_64\bin\VCRUNTIME140.dll
0x00007ffe83be0000 - 0x00007ffe83bf8000 	c:\Users\dasun\.vscode\extensions\redhat.java-1.42.0-win32-x64\jre\21.0.7-win32-x86_64\bin\jli.dll
0x00007ffe89b30000 - 0x00007ffe89cfa000 	C:\WINDOWS\System32\USER32.dll
0x00007ffe88df0000 - 0x00007ffe88e17000 	C:\WINDOWS\System32\win32u.dll
0x00007ffe89f50000 - 0x00007ffe89f7b000 	C:\WINDOWS\System32\GDI32.dll
0x00007ffe72940000 - 0x00007ffe72bda000 	C:\WINDOWS\WinSxS\amd64_microsoft.windows.common-controls_6595b64144ccf1df_6.0.26100.4202_none_3e0698d4e335f517\COMCTL32.dll
0x00007ffe89220000 - 0x00007ffe89357000 	C:\WINDOWS\System32\gdi32full.dll
0x00007ffe89d00000 - 0x00007ffe89da9000 	C:\WINDOWS\System32\msvcrt.dll
0x00007ffe89360000 - 0x00007ffe89403000 	C:\WINDOWS\System32\msvcp_win.dll
0x00007ffe8b2d0000 - 0x00007ffe8b300000 	C:\WINDOWS\System32\IMM32.DLL
0x00007ffe83b50000 - 0x00007ffe83b5c000 	c:\Users\dasun\.vscode\extensions\redhat.java-1.42.0-win32-x64\jre\21.0.7-win32-x86_64\bin\vcruntime140_1.dll
0x00007ffe23dc0000 - 0x00007ffe23e4d000 	c:\Users\dasun\.vscode\extensions\redhat.java-1.42.0-win32-x64\jre\21.0.7-win32-x86_64\bin\msvcp140.dll
0x00007ffd8f390000 - 0x00007ffd90120000 	c:\Users\dasun\.vscode\extensions\redhat.java-1.42.0-win32-x64\jre\21.0.7-win32-x86_64\bin\server\jvm.dll
0x00007ffe89a70000 - 0x00007ffe89b23000 	C:\WINDOWS\System32\ADVAPI32.dll
0x00007ffe8ba20000 - 0x00007ffe8bac6000 	C:\WINDOWS\System32\sechost.dll
0x00007ffe89e30000 - 0x00007ffe89f45000 	C:\WINDOWS\System32\RPCRT4.dll
0x00007ffe8a680000 - 0x00007ffe8a6f4000 	C:\WINDOWS\System32\WS2_32.dll
0x00007ffe7b370000 - 0x00007ffe7b3a5000 	C:\WINDOWS\SYSTEM32\WINMM.dll
0x00007ffe88b80000 - 0x00007ffe88bde000 	C:\WINDOWS\SYSTEM32\POWRPROF.dll
0x00007ffe80660000 - 0x00007ffe8066b000 	C:\WINDOWS\SYSTEM32\VERSION.dll
0x00007ffe88b60000 - 0x00007ffe88b74000 	C:\WINDOWS\SYSTEM32\UMPDC.dll
0x00007ffe87af0000 - 0x00007ffe87b0b000 	C:\WINDOWS\SYSTEM32\kernel.appcore.dll
0x00007ffe80f40000 - 0x00007ffe80f4a000 	c:\Users\dasun\.vscode\extensions\redhat.java-1.42.0-win32-x64\jre\21.0.7-win32-x86_64\bin\jimage.dll
0x00007ffe86550000 - 0x00007ffe86791000 	C:\WINDOWS\SYSTEM32\DBGHELP.DLL
0x00007ffe8a2f0000 - 0x00007ffe8a675000 	C:\WINDOWS\System32\combase.dll
0x00007ffe8a200000 - 0x00007ffe8a2e1000 	C:\WINDOWS\System32\OLEAUT32.dll
0x00007ffe71040000 - 0x00007ffe71079000 	C:\WINDOWS\SYSTEM32\dbgcore.DLL
0x00007ffe89180000 - 0x00007ffe89219000 	C:\WINDOWS\System32\bcryptPrimitives.dll
0x00007ffe80f30000 - 0x00007ffe80f3f000 	c:\Users\dasun\.vscode\extensions\redhat.java-1.42.0-win32-x64\jre\21.0.7-win32-x86_64\bin\instrument.dll
0x00007ffe7b260000 - 0x00007ffe7b27f000 	c:\Users\dasun\.vscode\extensions\redhat.java-1.42.0-win32-x64\jre\21.0.7-win32-x86_64\bin\java.dll
0x00007ffe8aab0000 - 0x00007ffe8b1f2000 	C:\WINDOWS\System32\SHELL32.dll
0x00007ffe88eb0000 - 0x00007ffe89024000 	C:\WINDOWS\System32\wintypes.dll
0x00007ffe869b0000 - 0x00007ffe87208000 	C:\WINDOWS\SYSTEM32\windows.storage.dll
0x00007ffe8b310000 - 0x00007ffe8b401000 	C:\WINDOWS\System32\SHCORE.dll
0x00007ffe8bad0000 - 0x00007ffe8bb3a000 	C:\WINDOWS\System32\shlwapi.dll
0x00007ffe88c40000 - 0x00007ffe88c6f000 	C:\WINDOWS\SYSTEM32\profapi.dll
0x00007ffe7a110000 - 0x00007ffe7a128000 	c:\Users\dasun\.vscode\extensions\redhat.java-1.42.0-win32-x64\jre\21.0.7-win32-x86_64\bin\zip.dll
0x00007ffe7bfe0000 - 0x00007ffe7bff0000 	C:\Users\dasun\.vscode\extensions\redhat.java-1.42.0-win32-x64\jre\21.0.7-win32-x86_64\bin\net.dll
0x00007ffe82640000 - 0x00007ffe8275e000 	C:\WINDOWS\SYSTEM32\WINHTTP.dll
0x00007ffe88060000 - 0x00007ffe880ca000 	C:\WINDOWS\system32\mswsock.dll
0x00007ffe77a40000 - 0x00007ffe77a56000 	C:\Users\dasun\.vscode\extensions\redhat.java-1.42.0-win32-x64\jre\21.0.7-win32-x86_64\bin\nio.dll
0x00007ffe7b060000 - 0x00007ffe7b070000 	c:\Users\dasun\.vscode\extensions\redhat.java-1.42.0-win32-x64\jre\21.0.7-win32-x86_64\bin\verify.dll
0x00007ffe363f0000 - 0x00007ffe36435000 	C:\Users\dasun\AppData\Roaming\Code\User\globalStorage\redhat.java\1.42.0\config_win\org.eclipse.equinox.launcher\org.eclipse.equinox.launcher.win32.win32.x86_64_1.2.1300.v20250331-1702\eclipse_11911.dll
0x00007ffe8a800000 - 0x00007ffe8a99e000 	C:\WINDOWS\System32\ole32.dll
0x00007ffe79d10000 - 0x00007ffe79d1a000 	C:\Users\dasun\.vscode\extensions\redhat.java-1.42.0-win32-x64\jre\21.0.7-win32-x86_64\bin\management.dll
0x00007ffe76f60000 - 0x00007ffe76f6b000 	C:\Users\dasun\.vscode\extensions\redhat.java-1.42.0-win32-x64\jre\21.0.7-win32-x86_64\bin\management_ext.dll
0x00007ffe8b2c0000 - 0x00007ffe8b2c8000 	C:\WINDOWS\System32\PSAPI.DLL
0x00007ffe88310000 - 0x00007ffe8832b000 	C:\WINDOWS\SYSTEM32\CRYPTSP.dll
0x00007ffe87a50000 - 0x00007ffe87a8a000 	C:\WINDOWS\system32\rsaenh.dll
0x00007ffe88100000 - 0x00007ffe8812b000 	C:\WINDOWS\SYSTEM32\USERENV.dll
0x00007ffe88c10000 - 0x00007ffe88c36000 	C:\WINDOWS\SYSTEM32\bcrypt.dll
0x00007ffe88330000 - 0x00007ffe8833c000 	C:\WINDOWS\SYSTEM32\CRYPTBASE.dll
0x00007ffe87570000 - 0x00007ffe875a3000 	C:\WINDOWS\SYSTEM32\IPHLPAPI.DLL
0x00007ffe8ba10000 - 0x00007ffe8ba1a000 	C:\WINDOWS\System32\NSI.dll
0x00007ffe4e310000 - 0x00007ffe4e359000 	C:\Users\dasun\AppData\Local\Temp\jna-95356079\jna6411253384976831502.dll
0x00007ffe82be0000 - 0x00007ffe82bff000 	C:\WINDOWS\SYSTEM32\dhcpcsvc6.DLL
0x00007ffe82b20000 - 0x00007ffe82b45000 	C:\WINDOWS\SYSTEM32\dhcpcsvc.DLL
0x00007ffe76dc0000 - 0x00007ffe76dce000 	C:\Users\dasun\.vscode\extensions\redhat.java-1.42.0-win32-x64\jre\21.0.7-win32-x86_64\bin\sunmscapi.dll
0x00007ffe89410000 - 0x00007ffe89587000 	C:\WINDOWS\System32\CRYPT32.dll
0x00007ffe88530000 - 0x00007ffe88560000 	C:\WINDOWS\SYSTEM32\ncrypt.dll
0x00007ffe884e0000 - 0x00007ffe8851f000 	C:\WINDOWS\SYSTEM32\NTASN1.dll
0x00007ffe87610000 - 0x00007ffe87737000 	C:\WINDOWS\SYSTEM32\DNSAPI.dll
0x00007ffe816a0000 - 0x00007ffe816ab000 	C:\Windows\System32\rasadhlp.dll
0x00007ffe82fa0000 - 0x00007ffe83026000 	C:\WINDOWS\System32\fwpuclnt.dll
0x00007ffe76bc0000 - 0x00007ffe76bc9000 	C:\Users\dasun\.vscode\extensions\redhat.java-1.42.0-win32-x64\jre\21.0.7-win32-x86_64\bin\extnet.dll

dbghelp: loaded successfully - version: 4.0.5 - missing functions: none
symbol engine: initialized successfully - sym options: 0x614 - pdb path: .;c:\Users\dasun\.vscode\extensions\redhat.java-1.42.0-win32-x64\jre\21.0.7-win32-x86_64\bin;C:\WINDOWS\SYSTEM32;C:\WINDOWS\WinSxS\amd64_microsoft.windows.common-controls_6595b64144ccf1df_6.0.26100.4202_none_3e0698d4e335f517;c:\Users\dasun\.vscode\extensions\redhat.java-1.42.0-win32-x64\jre\21.0.7-win32-x86_64\bin\server;C:\Users\dasun\AppData\Roaming\Code\User\globalStorage\redhat.java\1.42.0\config_win\org.eclipse.equinox.launcher\org.eclipse.equinox.launcher.win32.win32.x86_64_1.2.1300.v20250331-1702;C:\Users\dasun\AppData\Local\Temp\jna-95356079

VM Arguments:
jvm_args: --add-modules=ALL-SYSTEM --add-opens=java.base/java.util=ALL-UNNAMED --add-opens=java.base/java.lang=ALL-UNNAMED --add-opens=java.base/sun.nio.fs=ALL-UNNAMED -Declipse.application=org.eclipse.jdt.ls.core.id1 -Dosgi.bundles.defaultStartLevel=4 -Declipse.product=org.eclipse.jdt.ls.core.product -Djava.import.generatesMetadataFilesAtProjectRoot=false -DDetectVMInstallationsJob.disabled=true -Dfile.encoding=utf8 -XX:+UseParallelGC -XX:GCTimeRatio=4 -XX:AdaptiveSizePolicyWeight=90 -Dsun.zip.disableMemoryMapping=true -Xmx1G -Xms100m -Xlog:disable -javaagent:c:\Users\dasun\.vscode\extensions\redhat.java-1.42.0-win32-x64\lombok\lombok-1.18.36.jar -XX:+HeapDumpOnOutOfMemoryError -XX:HeapDumpPath=c:\Users\dasun\AppData\Roaming\Code\User\workspaceStorage\e360ecca818957bfb40deae656f1626c\redhat.java -Daether.dependencyCollector.impl=bf 
java_command: c:\Users\dasun\.vscode\extensions\redhat.java-1.42.0-win32-x64\server\plugins\org.eclipse.equinox.launcher_1.7.0.v20250424-1814.jar -configuration c:\Users\dasun\AppData\Roaming\Code\User\globalStorage\redhat.java\1.42.0\config_win -data c:\Users\dasun\AppData\Roaming\Code\User\workspaceStorage\e360ecca818957bfb40deae656f1626c\redhat.java\jdt_ws --pipe=\\.\pipe\lsp-98429ca8f5edf29fb2d2edb278f3c68c-sock
java_class_path (initial): c:\Users\dasun\.vscode\extensions\redhat.java-1.42.0-win32-x64\server\plugins\org.eclipse.equinox.launcher_1.7.0.v20250424-1814.jar
Launcher Type: SUN_STANDARD

[Global flags]
    uintx AdaptiveSizePolicyWeight                 = 90                                        {product} {command line}
     intx CICompilerCount                          = 12                                        {product} {ergonomic}
    uintx GCTimeRatio                              = 4                                         {product} {command line}
     bool HeapDumpOnOutOfMemoryError               = true                                   {manageable} {command line}
    ccstr HeapDumpPath                             = c:\Users\dasun\AppData\Roaming\Code\User\workspaceStorage\e360ecca818957bfb40deae656f1626c\redhat.java         {manageable} {command line}
   size_t InitialHeapSize                          = 104857600                                 {product} {command line}
   size_t MaxHeapSize                              = 1073741824                                {product} {command line}
   size_t MaxNewSize                               = 357564416                                 {product} {ergonomic}
   size_t MinHeapDeltaBytes                        = 524288                                    {product} {ergonomic}
   size_t MinHeapSize                              = 104857600                                 {product} {command line}
   size_t NewSize                                  = 34603008                                  {product} {ergonomic}
    uintx NonNMethodCodeHeapSize                   = 7602480                                {pd product} {ergonomic}
    uintx NonProfiledCodeHeapSize                  = 122027880                              {pd product} {ergonomic}
   size_t OldSize                                  = 70254592                                  {product} {ergonomic}
    uintx ProfiledCodeHeapSize                     = 122027880                              {pd product} {ergonomic}
    uintx ReservedCodeCacheSize                    = 251658240                              {pd product} {ergonomic}
     bool SegmentedCodeCache                       = true                                      {product} {ergonomic}
   size_t SoftMaxHeapSize                          = 1073741824                             {manageable} {ergonomic}
     bool UseCompressedOops                        = true                           {product lp64_product} {ergonomic}
     bool UseLargePagesIndividualAllocation        = false                                  {pd product} {ergonomic}
     bool UseParallelGC                            = true                                      {product} {command line}

Logging:
Log output configuration:
 #0: stdout all=off uptime,level,tags foldmultilines=false
 #1: stderr all=off uptime,level,tags foldmultilines=false

Environment Variables:
PATH=C:\Program Files\Git\bin;C:\Program Files\nodejs\;C:\Program Files\nodejs;C:\Users\dasun\AppData\Local\Microsoft\WindowsApps;C:\Users\dasun\AppData\Local\Programs\Microsoft VS Code\bin;D:\Installations\IntelliJ IDEA 2024.2\bin;;C:\Users\dasun\AppData\Roaming\npm
USERNAME=dasun
OS=Windows_NT
PROCESSOR_IDENTIFIER=AMD64 Family 25 Model 68 Stepping 1, AuthenticAMD
TMP=C:\Users\dasun\AppData\Local\Temp
TEMP=C:\Users\dasun\AppData\Local\Temp




Periodic native trim disabled

---------------  S Y S T E M  ---------------

OS:
 Windows 11 , 64 bit Build 26100 (10.0.26100.4202)
OS uptime: 0 days 5:25 hours

CPU: total 16 (initial active 16) (16 cores per cpu, 2 threads per core) family 25 model 68 stepping 1 microcode 0xa404107, cx8, cmov, fxsr, ht, mmx, 3dnowpref, sse, sse2, sse3, ssse3, sse4a, sse4.1, sse4.2, popcnt, lzcnt, tsc, tscinvbit, avx, avx2, aes, erms, clmul, bmi1, bmi2, adx, sha, fma, vzeroupper, clflush, clflushopt, rdtscp, rdpid, fsrm, f16c, pku, cet_ss
Processor Information for the first 16 processors :
  Max Mhz: 3201, Current Mhz: 3201, Mhz Limit: 3201

Memory: 4k page, system-wide physical 15610M (1364M free)
TotalPageFile size 34730M (AvailPageFile size 19M)
current process WorkingSet (physical memory assigned to process): 273M, peak: 317M
current process commit charge ("private bytes"): 353M, peak: 393M

vm_info: OpenJDK 64-Bit Server VM (21.0.7+6-LTS) for windows-amd64 JRE (21.0.7+6-LTS), built on 2025-04-15T00:00:00Z by "admin" with MS VC++ 17.7 (VS2022)

END.
